Flutter crash report.
Please report a bug at https://github.com/flutter/flutter/issues.

## command

flutter run --machine --start-paused -d chrome --devtools-server-address http://127.0.0.1:9101/ --target /Users/sinergi/StudioProjects/hr_choky/lib/main.dart

## exception

HttpException: HttpException: Connection closed before full header was received, uri = http://localhost:53839/json

```
```

## flutter doctor

```
[!] Flutter (Channel stable, 3.24.0, on macOS 14.5 23F79 darwin-arm64, locale en-ID)
    • Flutter version 3.24.0 on channel stable at /Users/sinergi/Documents/development/flutter
    ! Warning: `flutter` on your path resolves to /opt/homebrew/Caskroom/flutter/3.22.3/flutter/bin/flutter, which is not inside your current Flutter SDK checkout at /Users/sinergi/Documents/development/flutter. Consider adding /Users/sinergi/Documents/development/flutter/bin to the front of your path.
    ! Warning: `dart` on your path resolves to /opt/homebrew/Caskroom/flutter/3.22.3/flutter/bin/dart, which is not inside your current Flutter SDK checkout at /Users/sinergi/Documents/development/flutter. Consider adding /Users/sinergi/Documents/development/flutter/bin to the front of your path.
    • Upstream repository https://github.com/flutter/flutter.git
    • Framework revision 80c2e84975 (4 weeks ago), 2024-07-30 23:06:49 +0700
    • Engine revision b8800d88be
    • Dart version 3.5.0
    • DevTools version 2.37.2
    • If those were intentional, you can disregard the above warnings; however it is recommended to use "git" directly to perform update checks and upgrades.

[✓] Android toolchain - develop for Android devices (Android SDK version 35.0.0)
    • Android SDK at /Users/sinergi/Library/Android/sdk
    • Platform android-35, build-tools 35.0.0
    • Java binary at: /Applications/Android Studio.app/Contents/jbr/Contents/Home/bin/java
    • Java version OpenJDK Runtime Environment (build 17.0.10+0-17.0.10b1087.21-11609105)
    • All Android licenses accepted.

[✓] Xcode - develop for iOS and macOS (Xcode 15.4)
    • Xcode at /Applications/Xcode.app/Contents/Developer
    • Build 15F31d
    • CocoaPods version 1.15.2

[✓] Chrome - develop for the web
    • Chrome at /Applications/Google Chrome.app/Contents/MacOS/Google Chrome

[✓] Android Studio (version 2024.1)
    • Android Studio at /Applications/Android Studio.app/Contents
    • Flutter plugin can be installed from:
      🔨 https://plugins.jetbrains.com/plugin/9212-flutter
    • Dart plugin can be installed from:
      🔨 https://plugins.jetbrains.com/plugin/6351-dart
    • Java version OpenJDK Runtime Environment (build 17.0.10+0-17.0.10b1087.21-11609105)

[✓] VS Code (version 1.90.2)
    • VS Code at /Users/sinergi/Downloads/Visual Studio Code.app/Contents
    • Flutter extension version 3.94.0

[✓] Connected device (4 available)
    • Sinergi Teknologi’s iPhone (mobile) • 00008030-000E2D02022B402E • ios            • iOS 17.5.1 21F90
    • macOS (desktop)                     • macos                     • darwin-arm64   • macOS 14.5 23F79 darwin-arm64
    • Mac Designed for iPad (desktop)     • mac-designed-for-ipad     • darwin         • macOS 14.5 23F79 darwin-arm64
    • Chrome (web)                        • chrome                    • web-javascript • Google Chrome 128.0.6613.85

[✓] Network resources
    • All expected network resources are available.

! Doctor found issues in 1 category.
```
